<?xml version="1.0" encoding="UTF-8"?>
<testng-results ignored="0" total="1" passed="1" failed="0" skipped="0">
  <reporter-output>
  </reporter-output>
  <suite started-at="2024-01-13T12:13:58 IST" name="Default suite" finished-at="2024-01-13T12:14:22 IST" duration-ms="24409">
    <groups>
    </groups>
    <test started-at="2024-01-13T12:13:58 IST" name="Default test" finished-at="2024-01-13T12:14:22 IST" duration-ms="24409">
      <class name="TESTCASES.Addtocart2test">
        <test-method is-config="true" signature="lanchingBrowser()[pri:0, instance:TESTCASES.Addtocart2test@368247b9]" started-at="2024-01-13T12:13:58 IST" name="lanchingBrowser" finished-at="2024-01-13T12:14:01 IST" duration-ms="3215" status="PASS">
          <reporter-output>
          </reporter-output>
        </test-method> <!-- lanchingBrowser -->
        <test-method is-config="true" signature="loginToApplication()[pri:0, instance:TESTCASES.Addtocart2test@368247b9]" started-at="2024-01-13T12:14:01 IST" name="loginToApplication" finished-at="2024-01-13T12:14:13 IST" duration-ms="11755" status="PASS">
          <reporter-output>
          </reporter-output>
        </test-method> <!-- loginToApplication -->
        <test-method signature="TC_add__001()[pri:0, instance:TESTCASES.Addtocart2test@368247b9]" started-at="2024-01-13T12:14:13 IST" name="TC_add__001" finished-at="2024-01-13T12:14:13 IST" duration-ms="7" status="PASS">
          <reporter-output>
          </reporter-output>
        </test-method> <!-- TC_add__001 -->
        <test-method is-config="true" signature="logoutFromApplication()[pri:0, instance:TESTCASES.Addtocart2test@368247b9]" started-at="2024-01-13T12:14:13 IST" name="logoutFromApplication" finished-at="2024-01-13T12:14:22 IST" duration-ms="9213" status="PASS">
          <reporter-output>
          </reporter-output>
        </test-method> <!-- logoutFromApplication -->
        <test-method is-config="true" signature="quitBrowser()[pri:0, instance:TESTCASES.Addtocart2test@368247b9]" started-at="2024-01-13T12:14:22 IST" name="quitBrowser" finished-at="2024-01-13T12:14:22 IST" duration-ms="192" status="PASS">
          <reporter-output>
          </reporter-output>
        </test-method> <!-- quitBrowser -->
      </class> <!-- TESTCASES.Addtocart2test -->
    </test> <!-- Default test -->
  </suite> <!-- Default suite -->
</testng-results>
